0 info it worked if it ends with ok
1 verbose cli [ 'C:\\Program Files\\nodejs\\node.exe',
1 verbose cli   'C:\\Program Files\\nodejs\\node_modules\\npm\\bin\\npm-cli.js',
1 verbose cli   'start' ]
2 info using npm@3.10.9
3 info using node@v4.4.6
4 verbose run-script [ 'prestart', 'start', 'poststart' ]
5 info lifecycle nodeauth@0.0.0~prestart: nodeauth@0.0.0
6 silly lifecycle nodeauth@0.0.0~prestart: no script for prestart, continuing
7 info lifecycle nodeauth@0.0.0~start: nodeauth@0.0.0
8 verbose lifecycle nodeauth@0.0.0~start: unsafe-perm in lifecycle true
9 verbose lifecycle nodeauth@0.0.0~start: PATH: C:\Program Files\nodejs\node_modules\npm\bin\node-gyp-bin;C:\Users\John Garcia\Documents\GitHub\learning-nodejs\nodeauth\node_modules\.bin;C:\Users\John Garcia\bin;C:\Users\John Garcia\AppData\Local\GitHub\PortableGit_624c8416ee51e205b3f892d1d904e06e6f3c57c8\usr\local\bin;C:\Users\John Garcia\AppData\Local\GitHub\PortableGit_624c8416ee51e205b3f892d1d904e06e6f3c57c8\usr\bin;C:\Users\John Garcia\AppData\Local\GitHub\PortableGit_624c8416ee51e205b3f892d1d904e06e6f3c57c8\usr\bin;C:\Users\John Garcia\AppData\Local\GitHub\PortableGit_624c8416ee51e205b3f892d1d904e06e6f3c57c8\cmd;C:\Users\John Garcia\AppData\Local\GitHub\PortableGit_624c8416ee51e205b3f892d1d904e06e6f3c57c8\usr\bin;C:\Users\John Garcia\AppData\Local\GitHub\PortableGit_624c8416ee51e205b3f892d1d904e06e6f3c57c8\usr\share\git-tfs;C:\Users\John Garcia\AppData\Local\Apps\2.0\AON1AD6R.JWC\0Q183O12.KCX\gith..tion_317444273a93ac29_0003.0002_34b4671ab86a4854;C:\Users\John Garcia\AppData\Local\GitHub\lfs-amd64_1.2.0;C:\ProgramData\Oracle\Java\javapath;C:\Program Files (x86)\Intel\iCLS Client;C:\Program Files\Intel\iCLS Client;C:\Windows\system32;C:\Windows;C:\Windows\System32\Wbem;C:\Windows\System32\WindowsPowerShell\v1.0;C:\Program Files (x86)\Hewlett-Packard\HP Performance Advisor;C:\Program Files\Intel\WiFi\bin;C:\Program Files\Common Files\Intel\WirelessCommon;C:\Program Files (x86)\QuickTime\QTSystem;C:\Program Files (x86)\NVIDIA Corporation\PhysX\Common;C:\WINDOWS\system32;C:\WINDOWS;C:\WINDOWS\System32\Wbem;C:\WINDOWS\System32\WindowsPowerShell\v1.0;C:\Program Files\Intel\Intel(R) Management Engine Components\DAL;C:\Program Files\Intel\Intel(R) Management Engine Components\IPT;C:\Program Files (x86)\Windows Live\Shared;C:\Program Files (x86)\Skype\Phone;C:\Program Files\Microsoft\Web Platform Installer;C:\Program Files (x86)\Brackets\command;C:\Program Files\nodejs;C:\Program Files\Calibre2;C:\Ruby22\bin;C:\Users\John Garcia\AppData\Local\atom\bin;C:\Program Files\Intel\WiFi\bin;C:\Program Files\Common Files\Intel\WirelessCommon;C:\Users\John Garcia\AppData\Local\.meteor;C:\Users\John Garcia\AppData\Roaming\npm;C:\Users\John Garcia\AppData\Roaming\Dashlane\4.6.0.17042\bin\Firefox_Extension\{442718d9-475e-452a-b3e1-fb1ee16b8e9f}\components;C:\Users\John Garcia\AppData\Roaming\Dashlane\4.6.1.18109\bin\Firefox_Extension\{442718d9-475e-452a-b3e1-fb1ee16b8e9f}\components;C:\Windows\Microsoft.NET\Framework\v4.0.30319;C:\Users\John Garcia\AppData\Local\GitHub\PortableGit_624c8416ee51e205b3f892d1d904e06e6f3c57c8\usr\bin\vendor_perl;C:\Users\John Garcia\AppData\Local\GitHub\PortableGit_624c8416ee51e205b3f892d1d904e06e6f3c57c8\usr\bin\core_perl
10 verbose lifecycle nodeauth@0.0.0~start: CWD: C:\Users\John Garcia\Documents\GitHub\learning-nodejs\nodeauth
11 silly lifecycle nodeauth@0.0.0~start: Args: [ '/d /s /c', 'node ./bin/www' ]
12 silly lifecycle nodeauth@0.0.0~start: Returned: code: 1  signal: null
13 info lifecycle nodeauth@0.0.0~start: Failed to exec start script
14 verbose stack Error: nodeauth@0.0.0 start: `node ./bin/www`
14 verbose stack Exit status 1
14 verbose stack     at EventEmitter.<anonymous> (C:\Program Files\nodejs\node_modules\npm\lib\utils\lifecycle.js:255:16)
14 verbose stack     at emitTwo (events.js:87:13)
14 verbose stack     at EventEmitter.emit (events.js:172:7)
14 verbose stack     at ChildProcess.<anonymous> (C:\Program Files\nodejs\node_modules\npm\lib\utils\spawn.js:40:14)
14 verbose stack     at emitTwo (events.js:87:13)
14 verbose stack     at ChildProcess.emit (events.js:172:7)
14 verbose stack     at maybeClose (internal/child_process.js:827:16)
14 verbose stack     at Process.ChildProcess._handle.onexit (internal/child_process.js:211:5)
15 verbose pkgid nodeauth@0.0.0
16 verbose cwd C:\Users\John Garcia\Documents\GitHub\learning-nodejs\nodeauth
17 error Windows_NT 10.0.10586
18 error argv "C:\\Program Files\\nodejs\\node.exe" "C:\\Program Files\\nodejs\\node_modules\\npm\\bin\\npm-cli.js" "start"
19 error node v4.4.6
20 error npm  v3.10.9
21 error code ELIFECYCLE
22 error nodeauth@0.0.0 start: `node ./bin/www`
22 error Exit status 1
23 error Failed at the nodeauth@0.0.0 start script 'node ./bin/www'.
23 error Make sure you have the latest version of node.js and npm installed.
23 error If you do, this is most likely a problem with the nodeauth package,
23 error not with npm itself.
23 error Tell the author that this fails on your system:
23 error     node ./bin/www
23 error You can get information on how to open an issue for this project with:
23 error     npm bugs nodeauth
23 error Or if that isn't available, you can get their info via:
23 error     npm owner ls nodeauth
23 error There is likely additional logging output above.
24 verbose exit [ 1, true ]
